[35m[Appium][39m Welcome to Appium v1.22.3
[35m[Appium][39m Non-default server args:
[35m[Appium][39m   port: 50206
[35m[Appium][39m   loglevel: info
[35m[Appium][39m   tmpDir: C:\Users\0763\AppData\Local\Temp\\Katalon\Appium\Temp1706167854459
[35m[Appium][39m Appium REST http interface listener started on 0.0.0.0:50206
[35m[HTTP][39m [37m-->[39m [37mGET[39m [37m/wd/hub/status[39m
[35m[HTTP][39m [90m{}[39m
[35m[HTTP][39m [37m<-- GET /wd/hub/status [39m[32m200[39m [90m86 ms - 68[39m
[35m[HTTP][39m [90m[39m
[35m[HTTP][39m [37m-->[39m [37mGET[39m [37m/wd/hub/status[39m
[35m[HTTP][39m [90m{}[39m
[35m[HTTP][39m [37m<-- GET /wd/hub/status [39m[32m200[39m [90m3 ms - 68[39m
[35m[HTTP][39m [90m[39m
[35m[HTTP][39m [37m-->[39m [37mPOST[39m [37m/wd/hub/session[39m
[35m[HTTP][39m [90m{"desiredCapabilities":{"appActivity":".Settings","appPackage":"com.android.settings","newCommandTimeout":1800,"platformVersion":"12","automationName":"uiautomator2","autoGrantPermissions":true,"platformName":"Android","udid":"192.168.56.101:5555","deviceName":"Genymobile Galaxy S7 (Android 12)","systemPort":8267},"capabilities":{"firstMatch":[{"appium:appActivity":".Settings","appium:appPackage":"com.android.settings","appium:autoGrantPermissions":true,"appium:automationName":"uiautomator2","appium:deviceName":"Genymobile Galaxy S7 (Android 12)","appium:newCommandTimeout":1800,"platformName":"android","appium:platformVersion":"12","appium:systemPort":8267,"appium:udid":"192.168.56.101:5555"}]}}[39m
[35m[Appium][39m Appium v1.22.3 creating new AndroidUiautomator2Driver (v1.70.1) session
[35m[BaseDriver][39m Session created with session id: 2e0f5dbd-307b-4d1b-ab8b-d79126ea6b21
[35m[UiAutomator2][39m Starting 'com.android.settings' directly on the device
[35m[ADB][39m Found 1 'build-tools' folders under 'C:\Users\0763\.katalon\tools\android_sdk' (newest first):
[35m[ADB][39m     C:/Users/0763/.katalon/tools/android_sdk/build-tools/29.0.3
[35m[ADB][39m Using 'adb.exe' from 'C:\Users\0763\.katalon\tools\android_sdk\platform-tools\adb.exe'
[35m[AndroidDriver][39m Retrieving device list
[35m[AndroidDriver][39m Using device: 192.168.56.101:5555
[35m[ADB][39m Using 'adb.exe' from 'C:\Users\0763\.katalon\tools\android_sdk\platform-tools\adb.exe'
[35m[ADB][39m Getting device platform version
[35m[UiAutomator2][39m Relaxing hidden api policy
[35m[AndroidDriver][39m No app sent in, not parsing package/activity
[35m[ADB][39m Using 'apksigner.jar' from 'C:\Users\0763\.katalon\tools\android_sdk\build-tools\29.0.3\lib\apksigner.jar'
[35m[ADB][39m 'C:\Users\0763\AppData\Roaming\npm\node_modules\appium\node_modules\appium-uiautomator2-server\apks\appium-uiautomator2-server-v4.27.0.apk' is signed with the default certificate
[35m[ADB][39m 'C:\Users\0763\AppData\Roaming\npm\node_modules\appium\node_modules\appium-uiautomator2-server\apks\appium-uiautomator2-server-debug-androidTest.apk' is signed with the default certificate
[35m[UiAutomator2][39m Server packages are not going to be (re)installed
[35m[ADB][39m Adding packages ["io.appium.settings","io.appium.uiautomator2.server","io.appium.uiautomator2.server.test"] to Doze whitelist
[35m[UiAutomator2][39m Starting UIAutomator2 server 4.27.0
[35m[UiAutomator2][39m Using UIAutomator2 server from 'C:\Users\0763\AppData\Roaming\npm\node_modules\appium\node_modules\appium-uiautomator2-server\apks\appium-uiautomator2-server-v4.27.0.apk' and test from 'C:\Users\0763\AppData\Roaming\npm\node_modules\appium\node_modules\appium-uiautomator2-server\apks\appium-uiautomator2-server-debug-androidTest.apk'
[35m[UiAutomator2][39m Waiting up to 30000ms for UiAutomator2 to be online...
[35m[WD Proxy][39m socket hang up
[35m[WD Proxy][39m socket hang up
[35m[WD Proxy][39m Determined the downstream protocol as 'W3C'
[35m[AndroidDriver][39m Screen already unlocked, doing nothing
[35m[UiAutomator2][39m Starting 'com.android.settings/.Settings and waiting for 'com.android.settings/.Settings'
[35m[Appium][39m New AndroidUiautomator2Driver session created successfully, session 2e0f5dbd-307b-4d1b-ab8b-d79126ea6b21 added to master session list
[35m[HTTP][39m [37m<-- POST /wd/hub/session [39m[32m200[39m [90m22811 ms - 1125[39m
[35m[HTTP][39m [90m[39m
[35m[HTTP][39m [37m-->[39m [37mGET[39m [37m/wd/hub/session/2e0f5dbd-307b-4d1b-ab8b-d79126ea6b21[39m
[35m[HTTP][39m [90m{}[39m
[35m[HTTP][39m [37m<-- GET /wd/hub/session/2e0f5dbd-307b-4d1b-ab8b-d79126ea6b21 [39m[32m200[39m [90m14 ms - 1079[39m
[35m[HTTP][39m [90m[39m
[35m[HTTP][39m [37m-->[39m [37mGET[39m [37m/wd/hub/session/2e0f5dbd-307b-4d1b-ab8b-d79126ea6b21[39m
[35m[HTTP][39m [90m{}[39m
[35m[HTTP][39m [37m<-- GET /wd/hub/session/2e0f5dbd-307b-4d1b-ab8b-d79126ea6b21 [39m[32m200[39m [90m12 ms - 1079[39m
[35m[HTTP][39m [90m[39m
[35m[HTTP][39m [37m-->[39m [37mGET[39m [37m/wd/hub/status[39m
[35m[HTTP][39m [90m{}[39m
[35m[HTTP][39m [37m<-- GET /wd/hub/status [39m[32m200[39m [90m1 ms - 68[39m
[35m[HTTP][39m [90m[39m
[35m[HTTP][39m [37m-->[39m [37mPOST[39m [37m/wd/hub/session/2e0f5dbd-307b-4d1b-ab8b-d79126ea6b21/timeouts[39m
[35m[HTTP][39m [90m{"implicit":60000}[39m
[35m[HTTP][39m [37m<-- POST /wd/hub/session/2e0f5dbd-307b-4d1b-ab8b-d79126ea6b21/timeouts [39m[32m200[39m [90m5 ms - 14[39m
[35m[HTTP][39m [90m[39m
[35m[HTTP][39m [37m-->[39m [37mGET[39m [37m/wd/hub/session/2e0f5dbd-307b-4d1b-ab8b-d79126ea6b21/appium/device/system_bars[39m
[35m[HTTP][39m [90m{}[39m
[35m[HTTP][39m [37m<-- GET /wd/hub/session/2e0f5dbd-307b-4d1b-ab8b-d79126ea6b21/appium/device/system_bars [39m[32m200[39m [90m92 ms - 145[39m
[35m[HTTP][39m [90m[39m
[35m[HTTP][39m [37m-->[39m [37mPOST[39m [37m/wd/hub/session/2e0f5dbd-307b-4d1b-ab8b-d79126ea6b21/execute/sync[39m
[35m[HTTP][39m [90m{"script":"mobile:viewportRect","args":[]}[39m
[35m[AndroidDriver][39m Executing native command 'mobile:viewportRect'
[35m[HTTP][39m [37m<-- POST /wd/hub/session/2e0f5dbd-307b-4d1b-ab8b-d79126ea6b21/execute/sync [39m[32m200[39m [90m20 ms - 56[39m
[35m[HTTP][39m [90m[39m
[35m[HTTP][39m [37m-->[39m [37mPOST[39m [37m/wd/hub/session/2e0f5dbd-307b-4d1b-ab8b-d79126ea6b21/appium/device/activate_app[39m
[35m[HTTP][39m [90m{"bundleId":"id.indocyber.kaf.mma"}[39m
[35m[HTTP][39m [37m<-- POST /wd/hub/session/2e0f5dbd-307b-4d1b-ab8b-d79126ea6b21/appium/device/activate_app [39m[32m200[39m [90m866 ms - 14[39m
[35m[HTTP][39m [90m[39m
[35m[HTTP][39m [37m-->[39m [37mGET[39m [37m/wd/hub/session/2e0f5dbd-307b-4d1b-ab8b-d79126ea6b21/source[39m
[35m[HTTP][39m [90m{}[39m
[35m[W3C (2e0f5dbd)][39m Driver proxy active, passing request on via HTTP proxy
[35m[WD Proxy][39m Replacing sessionId 92760d5e-8c3d-4d65-b61a-dd92ac065673 with 2e0f5dbd-307b-4d1b-ab8b-d79126ea6b21
[35m[HTTP][39m [37m<-- GET /wd/hub/session/2e0f5dbd-307b-4d1b-ab8b-d79126ea6b21/source [39m[32m200[39m [90m952 ms - 11756[39m
[35m[HTTP][39m [90m[39m
[35m[HTTP][39m [37m-->[39m [37mGET[39m [37m/wd/hub/session/2e0f5dbd-307b-4d1b-ab8b-d79126ea6b21/screenshot[39m
[35m[HTTP][39m [90m{}[39m
[35m[HTTP][39m [37m<-- GET /wd/hub/session/2e0f5dbd-307b-4d1b-ab8b-d79126ea6b21/screenshot [39m[32m200[39m [90m510 ms - 68674[39m
[35m[HTTP][39m [90m[39m
[35m[HTTP][39m [37m-->[39m [37mGET[39m [37m/wd/hub/session/2e0f5dbd-307b-4d1b-ab8b-d79126ea6b21/source[39m
[35m[HTTP][39m [90m{}[39m
[35m[W3C (2e0f5dbd)][39m Driver proxy active, passing request on via HTTP proxy
[35m[WD Proxy][39m Replacing sessionId 92760d5e-8c3d-4d65-b61a-dd92ac065673 with 2e0f5dbd-307b-4d1b-ab8b-d79126ea6b21
[35m[HTTP][39m [37m<-- GET /wd/hub/session/2e0f5dbd-307b-4d1b-ab8b-d79126ea6b21/source [39m[32m200[39m [90m110 ms - 8669[39m
[35m[HTTP][39m [90m[39m
[35m[HTTP][39m [37m-->[39m [37mGET[39m [37m/wd/hub/session/2e0f5dbd-307b-4d1b-ab8b-d79126ea6b21/screenshot[39m
[35m[HTTP][39m [90m{}[39m
[35m[HTTP][39m [37m<-- GET /wd/hub/session/2e0f5dbd-307b-4d1b-ab8b-d79126ea6b21/screenshot [39m[32m200[39m [90m1236 ms - 2038222[39m
[35m[HTTP][39m [90m[39m
[35m[HTTP][39m [37m-->[39m [37mPOST[39m [37m/wd/hub/session/2e0f5dbd-307b-4d1b-ab8b-d79126ea6b21/elements[39m
[35m[HTTP][39m [90m{"using":"xpath","value":"//*[@class = 'android.widget.EditText' and @resource-id = '' and (@text = '' or . = '')]"}[39m
[35m[HTTP][39m [37m<-- POST /wd/hub/session/2e0f5dbd-307b-4d1b-ab8b-d79126ea6b21/elements [39m[32m200[39m [90m451 ms - 267[39m
[35m[HTTP][39m [90m[39m
[35m[HTTP][39m [37m-->[39m [37mPOST[39m [37m/wd/hub/session/2e0f5dbd-307b-4d1b-ab8b-d79126ea6b21/elements[39m
[35m[HTTP][39m [90m{"using":"-android uiautomator","value":"new UiSelector().className(\"android.widget.EditText\").resourceId(\"\")"}[39m
[35m[HTTP][39m [37m<-- POST /wd/hub/session/2e0f5dbd-307b-4d1b-ab8b-d79126ea6b21/elements [39m[32m200[39m [90m52 ms - 267[39m
[35m[HTTP][39m [90m[39m
[35m[HTTP][39m [37m-->[39m [37mGET[39m [37m/wd/hub/session/2e0f5dbd-307b-4d1b-ab8b-d79126ea6b21/window/rect[39m
[35m[HTTP][39m [90m{}[39m
[35m[HTTP][39m [37m<-- GET /wd/hub/session/2e0f5dbd-307b-4d1b-ab8b-d79126ea6b21/window/rect [39m[32m200[39m [90m13 ms - 50[39m
[35m[HTTP][39m [90m[39m
[35m[HTTP][39m [37m-->[39m [37mPOST[39m [37m/wd/hub/session/2e0f5dbd-307b-4d1b-ab8b-d79126ea6b21/elements[39m
[35m[HTTP][39m [90m{"using":"xpath","value":"//hierarchy/android.widget.FrameLayout[1]/android.widget.LinearLayout[1]/android.widget.FrameLayout[1]/android.widget.FrameLayout[1]/android.view.View[1]/android.view.View[1]/android.view.View[1]/android.view.View[1]/android.widget.ScrollView[1]/android.widget.EditText[1]"}[39m
[35m[HTTP][39m [37m<-- POST /wd/hub/session/2e0f5dbd-307b-4d1b-ab8b-d79126ea6b21/elements [39m[32m200[39m [90m79 ms - 139[39m
[35m[HTTP][39m [90m[39m
[35m[HTTP][39m [37m-->[39m [37mGET[39m [37m/wd/hub/session/2e0f5dbd-307b-4d1b-ab8b-d79126ea6b21/element/00000000-0000-000a-0000-000b00000003/location[39m
[35m[HTTP][39m [90m{}[39m
[35m[W3C (2e0f5dbd)][39m Driver proxy active, passing request on via HTTP proxy
[35m[WD Proxy][39m Replacing sessionId 92760d5e-8c3d-4d65-b61a-dd92ac065673 with 2e0f5dbd-307b-4d1b-ab8b-d79126ea6b21
[35m[HTTP][39m [37m<-- GET /wd/hub/session/2e0f5dbd-307b-4d1b-ab8b-d79126ea6b21/element/00000000-0000-000a-0000-000b00000003/location [39m[32m200[39m [90m19 ms - 78[39m
[35m[HTTP][39m [90m[39m
[35m[HTTP][39m [37m-->[39m [37mPOST[39m [37m/wd/hub/session/2e0f5dbd-307b-4d1b-ab8b-d79126ea6b21/element/00000000-0000-000a-0000-000b00000003/click[39m
[35m[HTTP][39m [90m{"id":"00000000-0000-000a-0000-000b00000003"}[39m
[35m[HTTP][39m [37m<-- POST /wd/hub/session/2e0f5dbd-307b-4d1b-ab8b-d79126ea6b21/element/00000000-0000-000a-0000-000b00000003/click [39m[32m200[39m [90m48 ms - 14[39m
[35m[HTTP][39m [90m[39m
[35m[HTTP][39m [37m-->[39m [37mGET[39m [37m/wd/hub/session/2e0f5dbd-307b-4d1b-ab8b-d79126ea6b21/source[39m
[35m[HTTP][39m [90m{}[39m
[35m[W3C (2e0f5dbd)][39m Driver proxy active, passing request on via HTTP proxy
[35m[WD Proxy][39m Replacing sessionId 92760d5e-8c3d-4d65-b61a-dd92ac065673 with 2e0f5dbd-307b-4d1b-ab8b-d79126ea6b21
[35m[HTTP][39m [37m<-- GET /wd/hub/session/2e0f5dbd-307b-4d1b-ab8b-d79126ea6b21/source [39m[32m200[39m [90m1030 ms - 8667[39m
[35m[HTTP][39m [90m[39m
[35m[HTTP][39m [37m-->[39m [37mGET[39m [37m/wd/hub/session/2e0f5dbd-307b-4d1b-ab8b-d79126ea6b21/screenshot[39m
[35m[HTTP][39m [90m{}[39m
[35m[HTTP][39m [37m<-- GET /wd/hub/session/2e0f5dbd-307b-4d1b-ab8b-d79126ea6b21/screenshot [39m[32m200[39m [90m1092 ms - 2040394[39m
[35m[HTTP][39m [90m[39m
[35m[HTTP][39m [37m-->[39m [37mGET[39m [37m/wd/hub/session/2e0f5dbd-307b-4d1b-ab8b-d79126ea6b21/window/rect[39m
[35m[HTTP][39m [90m{}[39m
[35m[HTTP][39m [37m<-- GET /wd/hub/session/2e0f5dbd-307b-4d1b-ab8b-d79126ea6b21/window/rect [39m[32m200[39m [90m15 ms - 50[39m
[35m[HTTP][39m [90m[39m
[35m[HTTP][39m [37m-->[39m [37mPOST[39m [37m/wd/hub/session/2e0f5dbd-307b-4d1b-ab8b-d79126ea6b21/elements[39m
[35m[HTTP][39m [90m{"using":"xpath","value":"//hierarchy/android.widget.FrameLayout[1]/android.widget.LinearLayout[1]/android.widget.FrameLayout[1]/android.widget.FrameLayout[1]/android.view.View[1]/android.view.View[1]/android.view.View[1]/android.view.View[1]/android.widget.ScrollView[1]/android.widget.EditText[1]"}[39m
[35m[HTTP][39m [37m<-- POST /wd/hub/session/2e0f5dbd-307b-4d1b-ab8b-d79126ea6b21/elements [39m[32m200[39m [90m134 ms - 139[39m
[35m[HTTP][39m [90m[39m
[35m[HTTP][39m [37m-->[39m [37mGET[39m [37m/wd/hub/session/2e0f5dbd-307b-4d1b-ab8b-d79126ea6b21/element/00000000-0000-000a-0000-000b00000003/location[39m
[35m[HTTP][39m [90m{}[39m
[35m[W3C (2e0f5dbd)][39m Driver proxy active, passing request on via HTTP proxy
[35m[WD Proxy][39m Replacing sessionId 92760d5e-8c3d-4d65-b61a-dd92ac065673 with 2e0f5dbd-307b-4d1b-ab8b-d79126ea6b21
[35m[HTTP][39m [37m<-- GET /wd/hub/session/2e0f5dbd-307b-4d1b-ab8b-d79126ea6b21/element/00000000-0000-000a-0000-000b00000003/location [39m[32m200[39m [90m19 ms - 78[39m
[35m[HTTP][39m [90m[39m
[35m[HTTP][39m [37m-->[39m [37mPOST[39m [37m/wd/hub/session/2e0f5dbd-307b-4d1b-ab8b-d79126ea6b21/element/00000000-0000-000a-0000-000b00000003/clear[39m
[35m[HTTP][39m [90m{"id":"00000000-0000-000a-0000-000b00000003"}[39m
[35m[HTTP][39m [37m<-- POST /wd/hub/session/2e0f5dbd-307b-4d1b-ab8b-d79126ea6b21/element/00000000-0000-000a-0000-000b00000003/clear [39m[32m200[39m [90m16 ms - 14[39m
[35m[HTTP][39m [90m[39m
[35m[HTTP][39m [37m-->[39m [37mPOST[39m [37m/wd/hub/session/2e0f5dbd-307b-4d1b-ab8b-d79126ea6b21/element/00000000-0000-000a-0000-000b00000003/click[39m
[35m[HTTP][39m [90m{"id":"00000000-0000-000a-0000-000b00000003"}[39m
[35m[HTTP][39m [37m<-- POST /wd/hub/session/2e0f5dbd-307b-4d1b-ab8b-d79126ea6b21/element/00000000-0000-000a-0000-000b00000003/click [39m[32m200[39m [90m50 ms - 14[39m
[35m[HTTP][39m [90m[39m
[35m[HTTP][39m [37m-->[39m [37mPOST[39m [37m/wd/hub/session/2e0f5dbd-307b-4d1b-ab8b-d79126ea6b21/element/00000000-0000-000a-0000-000b00000003/value[39m
[35m[HTTP][39m [90m{"id":"00000000-0000-000a-0000-000b00000003","text":"receptionist@kaf.co.id","value":["r","e","c","e","p","t","i","o","n","i","s","t","@","k","a","f",".","c","o",".","i","d"]}[39m
[35m[HTTP][39m [37m<-- POST /wd/hub/session/2e0f5dbd-307b-4d1b-ab8b-d79126ea6b21/element/00000000-0000-000a-0000-000b00000003/value [39m[32m200[39m [90m29 ms - 14[39m
[35m[HTTP][39m [90m[39m
[35m[HTTP][39m [37m-->[39m [37mGET[39m [37m/wd/hub/session/2e0f5dbd-307b-4d1b-ab8b-d79126ea6b21/source[39m
[35m[HTTP][39m [90m{}[39m
[35m[W3C (2e0f5dbd)][39m Driver proxy active, passing request on via HTTP proxy
[35m[WD Proxy][39m Replacing sessionId 92760d5e-8c3d-4d65-b61a-dd92ac065673 with 2e0f5dbd-307b-4d1b-ab8b-d79126ea6b21
[35m[HTTP][39m [37m<-- GET /wd/hub/session/2e0f5dbd-307b-4d1b-ab8b-d79126ea6b21/source [39m[32m200[39m [90m80 ms - 8689[39m
[35m[HTTP][39m [90m[39m
[35m[HTTP][39m [37m-->[39m [37mGET[39m [37m/wd/hub/session/2e0f5dbd-307b-4d1b-ab8b-d79126ea6b21/screenshot[39m
[35m[HTTP][39m [90m{}[39m
[35m[HTTP][39m [37m<-- GET /wd/hub/session/2e0f5dbd-307b-4d1b-ab8b-d79126ea6b21/screenshot [39m[32m200[39m [90m1160 ms - 2054122[39m
[35m[HTTP][39m [90m[39m
[35m[HTTP][39m [37m-->[39m [37mPOST[39m [37m/wd/hub/session/2e0f5dbd-307b-4d1b-ab8b-d79126ea6b21/elements[39m
[35m[HTTP][39m [90m{"using":"xpath","value":"//*[@class = 'android.widget.EditText' and @resource-id = '' and (@text = '' or . = '')]"}[39m
[35m[HTTP][39m [37m<-- POST /wd/hub/session/2e0f5dbd-307b-4d1b-ab8b-d79126ea6b21/elements [39m[32m200[39m [90m103 ms - 267[39m
[35m[HTTP][39m [90m[39m
[35m[HTTP][39m [37m-->[39m [37mPOST[39m [37m/wd/hub/session/2e0f5dbd-307b-4d1b-ab8b-d79126ea6b21/elements[39m
[35m[HTTP][39m [90m{"using":"-android uiautomator","value":"new UiSelector().className(\"android.widget.EditText\").resourceId(\"\")"}[39m
[35m[HTTP][39m [37m<-- POST /wd/hub/session/2e0f5dbd-307b-4d1b-ab8b-d79126ea6b21/elements [39m[32m200[39m [90m44 ms - 267[39m
[35m[HTTP][39m [90m[39m
[35m[HTTP][39m [37m-->[39m [37mGET[39m [37m/wd/hub/session/2e0f5dbd-307b-4d1b-ab8b-d79126ea6b21/window/rect[39m
[35m[HTTP][39m [90m{}[39m
[35m[HTTP][39m [37m<-- GET /wd/hub/session/2e0f5dbd-307b-4d1b-ab8b-d79126ea6b21/window/rect [39m[32m200[39m [90m10 ms - 50[39m
[35m[HTTP][39m [90m[39m
[35m[HTTP][39m [37m-->[39m [37mPOST[39m [37m/wd/hub/session/2e0f5dbd-307b-4d1b-ab8b-d79126ea6b21/elements[39m
[35m[HTTP][39m [90m{"using":"xpath","value":"//hierarchy/android.widget.FrameLayout[1]/android.widget.LinearLayout[1]/android.widget.FrameLayout[1]/android.widget.FrameLayout[1]/android.view.View[1]/android.view.View[1]/android.view.View[1]/android.view.View[1]/android.widget.ScrollView[1]/android.widget.EditText[2]"}[39m
[35m[HTTP][39m [37m<-- POST /wd/hub/session/2e0f5dbd-307b-4d1b-ab8b-d79126ea6b21/elements [39m[32m200[39m [90m88 ms - 139[39m
[35m[HTTP][39m [90m[39m
[35m[HTTP][39m [37m-->[39m [37mGET[39m [37m/wd/hub/session/2e0f5dbd-307b-4d1b-ab8b-d79126ea6b21/element/00000000-0000-000a-0000-000d00000003/location[39m
[35m[HTTP][39m [90m{}[39m
[35m[W3C (2e0f5dbd)][39m Driver proxy active, passing request on via HTTP proxy
[35m[WD Proxy][39m Replacing sessionId 92760d5e-8c3d-4d65-b61a-dd92ac065673 with 2e0f5dbd-307b-4d1b-ab8b-d79126ea6b21
[35m[HTTP][39m [37m<-- GET /wd/hub/session/2e0f5dbd-307b-4d1b-ab8b-d79126ea6b21/element/00000000-0000-000a-0000-000d00000003/location [39m[32m200[39m [90m12 ms - 78[39m
[35m[HTTP][39m [90m[39m
[35m[HTTP][39m [37m-->[39m [37mPOST[39m [37m/wd/hub/session/2e0f5dbd-307b-4d1b-ab8b-d79126ea6b21/element/00000000-0000-000a-0000-000d00000003/click[39m
[35m[HTTP][39m [90m{"id":"00000000-0000-000a-0000-000d00000003"}[39m
[35m[HTTP][39m [37m<-- POST /wd/hub/session/2e0f5dbd-307b-4d1b-ab8b-d79126ea6b21/element/00000000-0000-000a-0000-000d00000003/click [39m[32m200[39m [90m50 ms - 14[39m
[35m[HTTP][39m [90m[39m
[35m[HTTP][39m [37m-->[39m [37mGET[39m [37m/wd/hub/session/2e0f5dbd-307b-4d1b-ab8b-d79126ea6b21/source[39m
[35m[HTTP][39m [90m{}[39m
[35m[W3C (2e0f5dbd)][39m Driver proxy active, passing request on via HTTP proxy
[35m[WD Proxy][39m Replacing sessionId 92760d5e-8c3d-4d65-b61a-dd92ac065673 with 2e0f5dbd-307b-4d1b-ab8b-d79126ea6b21
[35m[HTTP][39m [37m<-- GET /wd/hub/session/2e0f5dbd-307b-4d1b-ab8b-d79126ea6b21/source [39m[32m200[39m [90m78 ms - 8689[39m
[35m[HTTP][39m [90m[39m
[35m[HTTP][39m [37m-->[39m [37mGET[39m [37m/wd/hub/session/2e0f5dbd-307b-4d1b-ab8b-d79126ea6b21/screenshot[39m
[35m[HTTP][39m [90m{}[39m
[35m[HTTP][39m [37m<-- GET /wd/hub/session/2e0f5dbd-307b-4d1b-ab8b-d79126ea6b21/screenshot [39m[32m200[39m [90m1147 ms - 2054138[39m
[35m[HTTP][39m [90m[39m
[35m[HTTP][39m [37m-->[39m [37mGET[39m [37m/wd/hub/session/2e0f5dbd-307b-4d1b-ab8b-d79126ea6b21/window/rect[39m
[35m[HTTP][39m [90m{}[39m
[35m[HTTP][39m [37m<-- GET /wd/hub/session/2e0f5dbd-307b-4d1b-ab8b-d79126ea6b21/window/rect [39m[32m200[39m [90m13 ms - 50[39m
[35m[HTTP][39m [90m[39m
[35m[HTTP][39m [37m-->[39m [37mPOST[39m [37m/wd/hub/session/2e0f5dbd-307b-4d1b-ab8b-d79126ea6b21/elements[39m
[35m[HTTP][39m [90m{"using":"xpath","value":"//hierarchy/android.widget.FrameLayout[1]/android.widget.LinearLayout[1]/android.widget.FrameLayout[1]/android.widget.FrameLayout[1]/android.view.View[1]/android.view.View[1]/android.view.View[1]/android.view.View[1]/android.widget.ScrollView[1]/android.widget.EditText[2]"}[39m
[35m[HTTP][39m [37m<-- POST /wd/hub/session/2e0f5dbd-307b-4d1b-ab8b-d79126ea6b21/elements [39m[32m200[39m [90m81 ms - 139[39m
[35m[HTTP][39m [90m[39m
[35m[HTTP][39m [37m-->[39m [37mGET[39m [37m/wd/hub/session/2e0f5dbd-307b-4d1b-ab8b-d79126ea6b21/element/00000000-0000-000a-0000-000d00000003/location[39m
[35m[HTTP][39m [90m{}[39m
[35m[W3C (2e0f5dbd)][39m Driver proxy active, passing request on via HTTP proxy
[35m[WD Proxy][39m Replacing sessionId 92760d5e-8c3d-4d65-b61a-dd92ac065673 with 2e0f5dbd-307b-4d1b-ab8b-d79126ea6b21
[35m[HTTP][39m [37m<-- GET /wd/hub/session/2e0f5dbd-307b-4d1b-ab8b-d79126ea6b21/element/00000000-0000-000a-0000-000d00000003/location [39m[32m200[39m [90m23 ms - 78[39m
[35m[HTTP][39m [90m[39m
[35m[HTTP][39m [37m-->[39m [37mPOST[39m [37m/wd/hub/session/2e0f5dbd-307b-4d1b-ab8b-d79126ea6b21/element/00000000-0000-000a-0000-000d00000003/clear[39m
[35m[HTTP][39m [90m{"id":"00000000-0000-000a-0000-000d00000003"}[39m
[35m[HTTP][39m [37m<-- POST /wd/hub/session/2e0f5dbd-307b-4d1b-ab8b-d79126ea6b21/element/00000000-0000-000a-0000-000d00000003/clear [39m[32m200[39m [90m25 ms - 14[39m
[35m[HTTP][39m [90m[39m
[35m[HTTP][39m [37m-->[39m [37mPOST[39m [37m/wd/hub/session/2e0f5dbd-307b-4d1b-ab8b-d79126ea6b21/element/00000000-0000-000a-0000-000d00000003/click[39m
[35m[HTTP][39m [90m{"id":"00000000-0000-000a-0000-000d00000003"}[39m
[35m[HTTP][39m [37m<-- POST /wd/hub/session/2e0f5dbd-307b-4d1b-ab8b-d79126ea6b21/element/00000000-0000-000a-0000-000d00000003/click [39m[32m200[39m [90m56 ms - 14[39m
[35m[HTTP][39m [90m[39m
[35m[HTTP][39m [37m-->[39m [37mPOST[39m [37m/wd/hub/session/2e0f5dbd-307b-4d1b-ab8b-d79126ea6b21/element/00000000-0000-000a-0000-000d00000003/value[39m
[35m[HTTP][39m [90m{"id":"00000000-0000-000a-0000-000d00000003","text":"R3cept!#888","value":["R","3","c","e","p","t","!","#","8","8","8"]}[39m
[35m[HTTP][39m [37m<-- POST /wd/hub/session/2e0f5dbd-307b-4d1b-ab8b-d79126ea6b21/element/00000000-0000-000a-0000-000d00000003/value [39m[32m200[39m [90m31 ms - 14[39m
[35m[HTTP][39m [90m[39m
[35m[HTTP][39m [37m-->[39m [37mGET[39m [37m/wd/hub/session/2e0f5dbd-307b-4d1b-ab8b-d79126ea6b21/source[39m
[35m[HTTP][39m [90m{}[39m
[35m[W3C (2e0f5dbd)][39m Driver proxy active, passing request on via HTTP proxy
[35m[WD Proxy][39m Replacing sessionId 92760d5e-8c3d-4d65-b61a-dd92ac065673 with 2e0f5dbd-307b-4d1b-ab8b-d79126ea6b21
[35m[HTTP][39m [37m<-- GET /wd/hub/session/2e0f5dbd-307b-4d1b-ab8b-d79126ea6b21/source [39m[32m200[39m [90m65 ms - 8722[39m
[35m[HTTP][39m [90m[39m
[35m[HTTP][39m [37m-->[39m [37mGET[39m [37m/wd/hub/session/2e0f5dbd-307b-4d1b-ab8b-d79126ea6b21/screenshot[39m
[35m[HTTP][39m [90m{}[39m
[35m[HTTP][39m [37m<-- GET /wd/hub/session/2e0f5dbd-307b-4d1b-ab8b-d79126ea6b21/screenshot [39m[32m200[39m [90m1194 ms - 2055970[39m
[35m[HTTP][39m [90m[39m
[35m[HTTP][39m [37m-->[39m [37mPOST[39m [37m/wd/hub/session/2e0f5dbd-307b-4d1b-ab8b-d79126ea6b21/elements[39m
[35m[HTTP][39m [90m{"using":"xpath","value":"//*[@class = 'android.widget.Button' and @resource-id = '' and (@text = '' or . = '')]"}[39m
[35m[HTTP][39m [37m<-- POST /wd/hub/session/2e0f5dbd-307b-4d1b-ab8b-d79126ea6b21/elements [39m[32m200[39m [90m108 ms - 267[39m
[35m[HTTP][39m [90m[39m
[35m[HTTP][39m [37m-->[39m [37mPOST[39m [37m/wd/hub/session/2e0f5dbd-307b-4d1b-ab8b-d79126ea6b21/elements[39m
[35m[HTTP][39m [90m{"using":"accessibility id","value":"Log In"}[39m
[35m[HTTP][39m [37m<-- POST /wd/hub/session/2e0f5dbd-307b-4d1b-ab8b-d79126ea6b21/elements [39m[32m200[39m [90m26 ms - 139[39m
[35m[HTTP][39m [90m[39m
[35m[HTTP][39m [37m-->[39m [37mGET[39m [37m/wd/hub/session/2e0f5dbd-307b-4d1b-ab8b-d79126ea6b21/window/rect[39m
[35m[HTTP][39m [90m{}[39m
[35m[HTTP][39m [37m<-- GET /wd/hub/session/2e0f5dbd-307b-4d1b-ab8b-d79126ea6b21/window/rect [39m[32m200[39m [90m11 ms - 50[39m
[35m[HTTP][39m [90m[39m
[35m[HTTP][39m [37m-->[39m [37mPOST[39m [37m/wd/hub/session/2e0f5dbd-307b-4d1b-ab8b-d79126ea6b21/elements[39m
[35m[HTTP][39m [90m{"using":"accessibility id","value":"Log In"}[39m
[35m[HTTP][39m [37m<-- POST /wd/hub/session/2e0f5dbd-307b-4d1b-ab8b-d79126ea6b21/elements [39m[32m200[39m [90m40 ms - 139[39m
[35m[HTTP][39m [90m[39m
[35m[HTTP][39m [37m-->[39m [37mGET[39m [37m/wd/hub/session/2e0f5dbd-307b-4d1b-ab8b-d79126ea6b21/element/00000000-0000-000a-0000-001000000003/location[39m
[35m[HTTP][39m [90m{}[39m
[35m[W3C (2e0f5dbd)][39m Driver proxy active, passing request on via HTTP proxy
[35m[WD Proxy][39m Replacing sessionId 92760d5e-8c3d-4d65-b61a-dd92ac065673 with 2e0f5dbd-307b-4d1b-ab8b-d79126ea6b21
[35m[HTTP][39m [37m<-- GET /wd/hub/session/2e0f5dbd-307b-4d1b-ab8b-d79126ea6b21/element/00000000-0000-000a-0000-001000000003/location [39m[32m200[39m [90m14 ms - 78[39m
[35m[HTTP][39m [90m[39m
[35m[HTTP][39m [37m-->[39m [37mPOST[39m [37m/wd/hub/session/2e0f5dbd-307b-4d1b-ab8b-d79126ea6b21/element/00000000-0000-000a-0000-001000000003/click[39m
[35m[HTTP][39m [90m{"id":"00000000-0000-000a-0000-001000000003"}[39m
[35m[HTTP][39m [37m<-- POST /wd/hub/session/2e0f5dbd-307b-4d1b-ab8b-d79126ea6b21/element/00000000-0000-000a-0000-001000000003/click [39m[32m200[39m [90m41 ms - 14[39m
[35m[HTTP][39m [90m[39m
[35m[HTTP][39m [37m-->[39m [37mGET[39m [37m/wd/hub/session/2e0f5dbd-307b-4d1b-ab8b-d79126ea6b21/source[39m
[35m[HTTP][39m [90m{}[39m
[35m[W3C (2e0f5dbd)][39m Driver proxy active, passing request on via HTTP proxy
[35m[WD Proxy][39m Replacing sessionId 92760d5e-8c3d-4d65-b61a-dd92ac065673 with 2e0f5dbd-307b-4d1b-ab8b-d79126ea6b21
[35m[HTTP][39m [37m<-- GET /wd/hub/session/2e0f5dbd-307b-4d1b-ab8b-d79126ea6b21/source [39m[32m200[39m [90m356 ms - 8722[39m
[35m[HTTP][39m [90m[39m
[35m[HTTP][39m [37m-->[39m [37mGET[39m [37m/wd/hub/session/2e0f5dbd-307b-4d1b-ab8b-d79126ea6b21/screenshot[39m
[35m[HTTP][39m [90m{}[39m
[35m[HTTP][39m [37m<-- GET /wd/hub/session/2e0f5dbd-307b-4d1b-ab8b-d79126ea6b21/screenshot [39m[32m200[39m [90m1524 ms - 1853030[39m
[35m[HTTP][39m [90m[39m
[35m[HTTP][39m [37m-->[39m [37mGET[39m [37m/wd/hub/session/2e0f5dbd-307b-4d1b-ab8b-d79126ea6b21/source[39m
[35m[HTTP][39m [90m{}[39m
[35m[W3C (2e0f5dbd)][39m Driver proxy active, passing request on via HTTP proxy
[35m[WD Proxy][39m Replacing sessionId 92760d5e-8c3d-4d65-b61a-dd92ac065673 with 2e0f5dbd-307b-4d1b-ab8b-d79126ea6b21
[35m[HTTP][39m [37m<-- GET /wd/hub/session/2e0f5dbd-307b-4d1b-ab8b-d79126ea6b21/source [39m[32m200[39m [90m291 ms - 16434[39m
[35m[HTTP][39m [90m[39m
[35m[HTTP][39m [37m-->[39m [37mGET[39m [37m/wd/hub/session/2e0f5dbd-307b-4d1b-ab8b-d79126ea6b21/screenshot[39m
[35m[HTTP][39m [90m{}[39m
[35m[HTTP][39m [37m<-- GET /wd/hub/session/2e0f5dbd-307b-4d1b-ab8b-d79126ea6b21/screenshot [39m[32m200[39m [90m400 ms - 214932[39m
[35m[HTTP][39m [90m[39m
[35m[HTTP][39m [37m-->[39m [37mPOST[39m [37m/wd/hub/session/2e0f5dbd-307b-4d1b-ab8b-d79126ea6b21/elements[39m
[35m[HTTP][39m [90m{"using":"xpath","value":"//*[@class = 'android.widget.ImageView' and @resource-id = '' and (@text = '' or . = '')]"}[39m
[35m[HTTP][39m [37m<-- POST /wd/hub/session/2e0f5dbd-307b-4d1b-ab8b-d79126ea6b21/elements [39m[32m200[39m [90m137 ms - 1675[39m
[35m[HTTP][39m [90m[39m
[35m[HTTP][39m [37m-->[39m [37mPOST[39m [37m/wd/hub/session/2e0f5dbd-307b-4d1b-ab8b-d79126ea6b21/elements[39m
[35m[HTTP][39m [90m{"using":"accessibility id","value":"Customer\n Update"}[39m
[35m[HTTP][39m [37m<-- POST /wd/hub/session/2e0f5dbd-307b-4d1b-ab8b-d79126ea6b21/elements [39m[32m200[39m [90m32 ms - 139[39m
[35m[HTTP][39m [90m[39m
[35m[HTTP][39m [37m-->[39m [37mGET[39m [37m/wd/hub/session/2e0f5dbd-307b-4d1b-ab8b-d79126ea6b21/window/rect[39m
[35m[HTTP][39m [90m{}[39m
[35m[HTTP][39m [37m<-- GET /wd/hub/session/2e0f5dbd-307b-4d1b-ab8b-d79126ea6b21/window/rect [39m[32m200[39m [90m12 ms - 50[39m
[35m[HTTP][39m [90m[39m
[35m[HTTP][39m [37m-->[39m [37mPOST[39m [37m/wd/hub/session/2e0f5dbd-307b-4d1b-ab8b-d79126ea6b21/elements[39m
[35m[HTTP][39m [90m{"using":"accessibility id","value":"Customer\n Update"}[39m
[35m[HTTP][39m [37m<-- POST /wd/hub/session/2e0f5dbd-307b-4d1b-ab8b-d79126ea6b21/elements [39m[32m200[39m [90m28 ms - 139[39m
[35m[HTTP][39m [90m[39m
[35m[HTTP][39m [37m-->[39m [37mGET[39m [37m/wd/hub/session/2e0f5dbd-307b-4d1b-ab8b-d79126ea6b21/element/00000000-0000-000a-0000-002100000003/location[39m
[35m[HTTP][39m [90m{}[39m
[35m[W3C (2e0f5dbd)][39m Driver proxy active, passing request on via HTTP proxy
[35m[WD Proxy][39m Replacing sessionId 92760d5e-8c3d-4d65-b61a-dd92ac065673 with 2e0f5dbd-307b-4d1b-ab8b-d79126ea6b21
[35m[HTTP][39m [37m<-- GET /wd/hub/session/2e0f5dbd-307b-4d1b-ab8b-d79126ea6b21/element/00000000-0000-000a-0000-002100000003/location [39m[32m200[39m [90m27 ms - 78[39m
[35m[HTTP][39m [90m[39m
[35m[HTTP][39m [37m-->[39m [37mPOST[39m [37m/wd/hub/session/2e0f5dbd-307b-4d1b-ab8b-d79126ea6b21/element/00000000-0000-000a-0000-002100000003/click[39m
[35m[HTTP][39m [90m{"id":"00000000-0000-000a-0000-002100000003"}[39m
[35m[HTTP][39m [37m<-- POST /wd/hub/session/2e0f5dbd-307b-4d1b-ab8b-d79126ea6b21/element/00000000-0000-000a-0000-002100000003/click [39m[32m200[39m [90m46 ms - 14[39m
[35m[HTTP][39m [90m[39m
[35m[HTTP][39m [37m-->[39m [37mGET[39m [37m/wd/hub/session/2e0f5dbd-307b-4d1b-ab8b-d79126ea6b21/source[39m
[35m[HTTP][39m [90m{}[39m
[35m[W3C (2e0f5dbd)][39m Driver proxy active, passing request on via HTTP proxy
[35m[WD Proxy][39m Replacing sessionId 92760d5e-8c3d-4d65-b61a-dd92ac065673 with 2e0f5dbd-307b-4d1b-ab8b-d79126ea6b21
[35m[HTTP][39m [37m<-- GET /wd/hub/session/2e0f5dbd-307b-4d1b-ab8b-d79126ea6b21/source [39m[32m200[39m [90m419 ms - 9074[39m
[35m[HTTP][39m [90m[39m
[35m[HTTP][39m [37m-->[39m [37mGET[39m [37m/wd/hub/session/2e0f5dbd-307b-4d1b-ab8b-d79126ea6b21/screenshot[39m
[35m[HTTP][39m [90m{}[39m
[35m[HTTP][39m [37m<-- GET /wd/hub/session/2e0f5dbd-307b-4d1b-ab8b-d79126ea6b21/screenshot [39m[32m200[39m [90m454 ms - 214714[39m
[35m[HTTP][39m [90m[39m
[35m[HTTP][39m [37m-->[39m [37mGET[39m [37m/wd/hub/session/2e0f5dbd-307b-4d1b-ab8b-d79126ea6b21/source[39m
[35m[HTTP][39m [90m{}[39m
[35m[W3C (2e0f5dbd)][39m Driver proxy active, passing request on via HTTP proxy
[35m[WD Proxy][39m Replacing sessionId 92760d5e-8c3d-4d65-b61a-dd92ac065673 with 2e0f5dbd-307b-4d1b-ab8b-d79126ea6b21
[35m[HTTP][39m [37m<-- GET /wd/hub/session/2e0f5dbd-307b-4d1b-ab8b-d79126ea6b21/source [39m[32m200[39m [90m49 ms - 11604[39m
[35m[HTTP][39m [90m[39m
[35m[HTTP][39m [37m-->[39m [37mGET[39m [37m/wd/hub/session/2e0f5dbd-307b-4d1b-ab8b-d79126ea6b21/screenshot[39m
[35m[HTTP][39m [90m{}[39m
[35m[HTTP][39m [37m<-- GET /wd/hub/session/2e0f5dbd-307b-4d1b-ab8b-d79126ea6b21/screenshot [39m[32m200[39m [90m453 ms - 238352[39m
[35m[HTTP][39m [90m[39m
[35m[HTTP][39m [37m-->[39m [37mPOST[39m [37m/wd/hub/session/2e0f5dbd-307b-4d1b-ab8b-d79126ea6b21/elements[39m
[35m[HTTP][39m [90m{"using":"xpath","value":"//*[@class = 'android.widget.ImageView' and @resource-id = '' and (@text = '' or . = '')]"}[39m
[35m[HTTP][39m [37m<-- POST /wd/hub/session/2e0f5dbd-307b-4d1b-ab8b-d79126ea6b21/elements [39m[32m200[39m [90m111 ms - 779[39m
[35m[HTTP][39m [90m[39m
[35m[HTTP][39m [37m-->[39m [37mPOST[39m [37m/wd/hub/session/2e0f5dbd-307b-4d1b-ab8b-d79126ea6b21/elements[39m
[35m[HTTP][39m [90m{"using":"-android uiautomator","value":"new UiSelector().className(\"android.widget.ImageView\").resourceId(\"\")"}[39m
[35m[HTTP][39m [37m<-- POST /wd/hub/session/2e0f5dbd-307b-4d1b-ab8b-d79126ea6b21/elements [39m[32m200[39m [90m50 ms - 779[39m
[35m[HTTP][39m [90m[39m
[35m[HTTP][39m [37m-->[39m [37mGET[39m [37m/wd/hub/session/2e0f5dbd-307b-4d1b-ab8b-d79126ea6b21/window/rect[39m
[35m[HTTP][39m [90m{}[39m
[35m[HTTP][39m [37m<-- GET /wd/hub/session/2e0f5dbd-307b-4d1b-ab8b-d79126ea6b21/window/rect [39m[32m200[39m [90m12 ms - 50[39m
[35m[HTTP][39m [90m[39m
[35m[HTTP][39m [37m-->[39m [37mPOST[39m [37m/wd/hub/session/2e0f5dbd-307b-4d1b-ab8b-d79126ea6b21/elements[39m
[35m[HTTP][39m [90m{"using":"xpath","value":"//hierarchy/android.widget.FrameLayout[1]/android.widget.LinearLayout[1]/android.widget.FrameLayout[1]/android.widget.FrameLayout[1]/android.view.View[1]/android.view.View[1]/android.view.View[1]/android.view.View[1]/android.view.View[2]/android.view.View[1]/android.view.View[1]/android.widget.ImageView[1]"}[39m
[35m[HTTP][39m [37m<-- POST /wd/hub/session/2e0f5dbd-307b-4d1b-ab8b-d79126ea6b21/elements [39m[32m200[39m [90m80 ms - 139[39m
[35m[HTTP][39m [90m[39m
[35m[HTTP][39m [37m-->[39m [37mGET[39m [37m/wd/hub/session/2e0f5dbd-307b-4d1b-ab8b-d79126ea6b21/element/00000000-0000-000a-0000-004c00000003/location[39m
[35m[HTTP][39m [90m{}[39m
[35m[W3C (2e0f5dbd)][39m Driver proxy active, passing request on via HTTP proxy
[35m[WD Proxy][39m Replacing sessionId 92760d5e-8c3d-4d65-b61a-dd92ac065673 with 2e0f5dbd-307b-4d1b-ab8b-d79126ea6b21
[35m[HTTP][39m [37m<-- GET /wd/hub/session/2e0f5dbd-307b-4d1b-ab8b-d79126ea6b21/element/00000000-0000-000a-0000-004c00000003/location [39m[32m200[39m [90m15 ms - 79[39m
[35m[HTTP][39m [90m[39m
[35m[HTTP][39m [37m-->[39m [37mPOST[39m [37m/wd/hub/session/2e0f5dbd-307b-4d1b-ab8b-d79126ea6b21/element/00000000-0000-000a-0000-004c00000003/click[39m
[35m[HTTP][39m [90m{"id":"00000000-0000-000a-0000-004c00000003"}[39m
[35m[HTTP][39m [37m<-- POST /wd/hub/session/2e0f5dbd-307b-4d1b-ab8b-d79126ea6b21/element/00000000-0000-000a-0000-004c00000003/click [39m[32m200[39m [90m49 ms - 14[39m
[35m[HTTP][39m [90m[39m
[35m[HTTP][39m [37m-->[39m [37mGET[39m [37m/wd/hub/session/2e0f5dbd-307b-4d1b-ab8b-d79126ea6b21/source[39m
[35m[HTTP][39m [90m{}[39m
[35m[W3C (2e0f5dbd)][39m Driver proxy active, passing request on via HTTP proxy
[35m[WD Proxy][39m Replacing sessionId 92760d5e-8c3d-4d65-b61a-dd92ac065673 with 2e0f5dbd-307b-4d1b-ab8b-d79126ea6b21
[35m[HTTP][39m [37m<-- GET /wd/hub/session/2e0f5dbd-307b-4d1b-ab8b-d79126ea6b21/source [39m[32m200[39m [90m962 ms - 5249[39m
[35m[HTTP][39m [90m[39m
[35m[HTTP][39m [37m-->[39m [37mGET[39m [37m/wd/hub/session/2e0f5dbd-307b-4d1b-ab8b-d79126ea6b21/screenshot[39m
[35m[HTTP][39m [90m{}[39m
[35m[HTTP][39m [37m<-- GET /wd/hub/session/2e0f5dbd-307b-4d1b-ab8b-d79126ea6b21/screenshot [39m[32m200[39m [90m413 ms - 176618[39m
[35m[HTTP][39m [90m[39m
[35m[HTTP][39m [37m-->[39m [37mPOST[39m [37m/wd/hub/session/2e0f5dbd-307b-4d1b-ab8b-d79126ea6b21/elements[39m
[35m[HTTP][39m [90m{"using":"xpath","value":"//*[@class = 'android.view.View' and @resource-id = '' and (@text = '' or . = '')]"}[39m
[35m[HTTP][39m [37m<-- POST /wd/hub/session/2e0f5dbd-307b-4d1b-ab8b-d79126ea6b21/elements [39m[32m200[39m [90m86 ms - 1035[39m
[35m[HTTP][39m [90m[39m
[35m[HTTP][39m [37m-->[39m [37mPOST[39m [37m/wd/hub/session/2e0f5dbd-307b-4d1b-ab8b-d79126ea6b21/elements[39m
[35m[HTTP][39m [90m{"using":"accessibility id","value":"Prospect Customer"}[39m
[35m[HTTP][39m [37m<-- POST /wd/hub/session/2e0f5dbd-307b-4d1b-ab8b-d79126ea6b21/elements [39m[32m200[39m [90m27 ms - 139[39m
[35m[HTTP][39m [90m[39m
[35m[HTTP][39m [37m-->[39m [37mGET[39m [37m/wd/hub/session/2e0f5dbd-307b-4d1b-ab8b-d79126ea6b21/window/rect[39m
[35m[HTTP][39m [90m{}[39m
[35m[HTTP][39m [37m<-- GET /wd/hub/session/2e0f5dbd-307b-4d1b-ab8b-d79126ea6b21/window/rect [39m[32m200[39m [90m8 ms - 50[39m
[35m[HTTP][39m [90m[39m
[35m[HTTP][39m [37m-->[39m [37mPOST[39m [37m/wd/hub/session/2e0f5dbd-307b-4d1b-ab8b-d79126ea6b21/elements[39m
[35m[HTTP][39m [90m{"using":"accessibility id","value":"Prospect Customer"}[39m
[35m[HTTP][39m [37m<-- POST /wd/hub/session/2e0f5dbd-307b-4d1b-ab8b-d79126ea6b21/elements [39m[32m200[39m [90m23 ms - 139[39m
[35m[HTTP][39m [90m[39m
[35m[HTTP][39m [37m-->[39m [37mGET[39m [37m/wd/hub/session/2e0f5dbd-307b-4d1b-ab8b-d79126ea6b21/element/00000000-0000-000a-0000-006100000003/location[39m
[35m[HTTP][39m [90m{}[39m
[35m[W3C (2e0f5dbd)][39m Driver proxy active, passing request on via HTTP proxy
[35m[WD Proxy][39m Replacing sessionId 92760d5e-8c3d-4d65-b61a-dd92ac065673 with 2e0f5dbd-307b-4d1b-ab8b-d79126ea6b21
[35m[HTTP][39m [37m<-- GET /wd/hub/session/2e0f5dbd-307b-4d1b-ab8b-d79126ea6b21/element/00000000-0000-000a-0000-006100000003/location [39m[32m200[39m [90m12 ms - 78[39m
[35m[HTTP][39m [90m[39m
[35m[HTTP][39m [37m-->[39m [37mPOST[39m [37m/wd/hub/session/2e0f5dbd-307b-4d1b-ab8b-d79126ea6b21/element/00000000-0000-000a-0000-006100000003/click[39m
[35m[HTTP][39m [90m{"id":"00000000-0000-000a-0000-006100000003"}[39m
[35m[HTTP][39m [37m<-- POST /wd/hub/session/2e0f5dbd-307b-4d1b-ab8b-d79126ea6b21/element/00000000-0000-000a-0000-006100000003/click [39m[32m200[39m [90m50 ms - 14[39m
[35m[HTTP][39m [90m[39m
[35m[HTTP][39m [37m-->[39m [37mGET[39m [37m/wd/hub/session/2e0f5dbd-307b-4d1b-ab8b-d79126ea6b21/source[39m
[35m[HTTP][39m [90m{}[39m
[35m[W3C (2e0f5dbd)][39m Driver proxy active, passing request on via HTTP proxy
[35m[WD Proxy][39m Replacing sessionId 92760d5e-8c3d-4d65-b61a-dd92ac065673 with 2e0f5dbd-307b-4d1b-ab8b-d79126ea6b21
[35m[HTTP][39m [37m<-- GET /wd/hub/session/2e0f5dbd-307b-4d1b-ab8b-d79126ea6b21/source [39m[32m200[39m [90m118 ms - 5768[39m
[35m[HTTP][39m [90m[39m
[35m[HTTP][39m [37m-->[39m [37mGET[39m [37m/wd/hub/session/2e0f5dbd-307b-4d1b-ab8b-d79126ea6b21/screenshot[39m
[35m[HTTP][39m [90m{}[39m
[35m[HTTP][39m [37m<-- GET /wd/hub/session/2e0f5dbd-307b-4d1b-ab8b-d79126ea6b21/screenshot [39m[32m200[39m [90m531 ms - 204846[39m
[35m[HTTP][39m [90m[39m
[35m[HTTP][39m [37m-->[39m [37mPOST[39m [37m/wd/hub/session/2e0f5dbd-307b-4d1b-ab8b-d79126ea6b21/elements[39m
[35m[HTTP][39m [90m{"using":"xpath","value":"//*[@class = 'android.widget.EditText' and @resource-id = '' and (@text = '' or . = '')]"}[39m
[35m[HTTP][39m [37m<-- POST /wd/hub/session/2e0f5dbd-307b-4d1b-ab8b-d79126ea6b21/elements [39m[32m200[39m [90m74 ms - 267[39m
[35m[HTTP][39m [90m[39m
[35m[HTTP][39m [37m-->[39m [37mPOST[39m [37m/wd/hub/session/2e0f5dbd-307b-4d1b-ab8b-d79126ea6b21/elements[39m
[35m[HTTP][39m [90m{"using":"-android uiautomator","value":"new UiSelector().className(\"android.widget.EditText\").resourceId(\"\")"}[39m
[35m[HTTP][39m [37m<-- POST /wd/hub/session/2e0f5dbd-307b-4d1b-ab8b-d79126ea6b21/elements [39m[32m200[39m [90m34 ms - 267[39m
[35m[HTTP][39m [90m[39m
[35m[HTTP][39m [37m-->[39m [37mGET[39m [37m/wd/hub/session/2e0f5dbd-307b-4d1b-ab8b-d79126ea6b21/window/rect[39m
[35m[HTTP][39m [90m{}[39m
[35m[HTTP][39m [37m<-- GET /wd/hub/session/2e0f5dbd-307b-4d1b-ab8b-d79126ea6b21/window/rect [39m[32m200[39m [90m8 ms - 50[39m
[35m[HTTP][39m [90m[39m
[35m[HTTP][39m [37m-->[39m [37mPOST[39m [37m/wd/hub/session/2e0f5dbd-307b-4d1b-ab8b-d79126ea6b21/elements[39m
[35m[HTTP][39m [90m{"using":"xpath","value":"//hierarchy/android.widget.FrameLayout[1]/android.widget.LinearLayout[1]/android.widget.FrameLayout[1]/android.widget.FrameLayout[1]/android.view.View[1]/android.view.View[1]/android.view.View[1]/android.view.View[1]/android.view.View[1]/android.widget.EditText[1]"}[39m
[35m[HTTP][39m [37m<-- POST /wd/hub/session/2e0f5dbd-307b-4d1b-ab8b-d79126ea6b21/elements [39m[32m200[39m [90m78 ms - 139[39m
[35m[HTTP][39m [90m[39m
[35m[HTTP][39m [37m-->[39m [37mGET[39m [37m/wd/hub/session/2e0f5dbd-307b-4d1b-ab8b-d79126ea6b21/element/00000000-0000-000a-0000-006500000003/location[39m
[35m[HTTP][39m [90m{}[39m
[35m[W3C (2e0f5dbd)][39m Driver proxy active, passing request on via HTTP proxy
[35m[WD Proxy][39m Replacing sessionId 92760d5e-8c3d-4d65-b61a-dd92ac065673 with 2e0f5dbd-307b-4d1b-ab8b-d79126ea6b21
[35m[HTTP][39m [37m<-- GET /wd/hub/session/2e0f5dbd-307b-4d1b-ab8b-d79126ea6b21/element/00000000-0000-000a-0000-006500000003/location [39m[32m200[39m [90m16 ms - 78[39m
[35m[HTTP][39m [90m[39m
[35m[HTTP][39m [37m-->[39m [37mPOST[39m [37m/wd/hub/session/2e0f5dbd-307b-4d1b-ab8b-d79126ea6b21/element/00000000-0000-000a-0000-006500000003/click[39m
[35m[HTTP][39m [90m{"id":"00000000-0000-000a-0000-006500000003"}[39m
[35m[HTTP][39m [37m<-- POST /wd/hub/session/2e0f5dbd-307b-4d1b-ab8b-d79126ea6b21/element/00000000-0000-000a-0000-006500000003/click [39m[32m200[39m [90m55 ms - 14[39m
[35m[HTTP][39m [90m[39m
[35m[HTTP][39m [37m-->[39m [37mGET[39m [37m/wd/hub/session/2e0f5dbd-307b-4d1b-ab8b-d79126ea6b21/source[39m
[35m[HTTP][39m [90m{}[39m
[35m[W3C (2e0f5dbd)][39m Driver proxy active, passing request on via HTTP proxy
[35m[WD Proxy][39m Replacing sessionId 92760d5e-8c3d-4d65-b61a-dd92ac065673 with 2e0f5dbd-307b-4d1b-ab8b-d79126ea6b21
[35m[HTTP][39m [37m<-- GET /wd/hub/session/2e0f5dbd-307b-4d1b-ab8b-d79126ea6b21/source [39m[32m200[39m [90m259 ms - 6204[39m
[35m[HTTP][39m [90m[39m
[35m[HTTP][39m [37m-->[39m [37mGET[39m [37m/wd/hub/session/2e0f5dbd-307b-4d1b-ab8b-d79126ea6b21/screenshot[39m
[35m[HTTP][39m [90m{}[39m
[35m[HTTP][39m [37m<-- GET /wd/hub/session/2e0f5dbd-307b-4d1b-ab8b-d79126ea6b21/screenshot [39m[32m200[39m [90m521 ms - 204976[39m
[35m[HTTP][39m [90m[39m
[35m[HTTP][39m [37m-->[39m [37mGET[39m [37m/wd/hub/session/2e0f5dbd-307b-4d1b-ab8b-d79126ea6b21/window/rect[39m
[35m[HTTP][39m [90m{}[39m
[35m[HTTP][39m [37m<-- GET /wd/hub/session/2e0f5dbd-307b-4d1b-ab8b-d79126ea6b21/window/rect [39m[32m200[39m [90m13 ms - 50[39m
[35m[HTTP][39m [90m[39m
[35m[HTTP][39m [37m-->[39m [37mPOST[39m [37m/wd/hub/session/2e0f5dbd-307b-4d1b-ab8b-d79126ea6b21/elements[39m
[35m[HTTP][39m [90m{"using":"xpath","value":"//hierarchy/android.widget.FrameLayout[1]/android.widget.LinearLayout[1]/android.widget.FrameLayout[1]/android.widget.FrameLayout[1]/android.view.View[1]/android.view.View[1]/android.view.View[1]/android.view.View[1]/android.view.View[1]/android.widget.EditText[1]"}[39m
[35m[HTTP][39m [37m<-- POST /wd/hub/session/2e0f5dbd-307b-4d1b-ab8b-d79126ea6b21/elements [39m[32m200[39m [90m59 ms - 139[39m
[35m[HTTP][39m [90m[39m
[35m[HTTP][39m [37m-->[39m [37mGET[39m [37m/wd/hub/session/2e0f5dbd-307b-4d1b-ab8b-d79126ea6b21/element/00000000-0000-000a-0000-006500000003/location[39m
[35m[HTTP][39m [90m{}[39m
[35m[W3C (2e0f5dbd)][39m Driver proxy active, passing request on via HTTP proxy
[35m[WD Proxy][39m Replacing sessionId 92760d5e-8c3d-4d65-b61a-dd92ac065673 with 2e0f5dbd-307b-4d1b-ab8b-d79126ea6b21
[35m[HTTP][39m [37m<-- GET /wd/hub/session/2e0f5dbd-307b-4d1b-ab8b-d79126ea6b21/element/00000000-0000-000a-0000-006500000003/location [39m[32m200[39m [90m16 ms - 78[39m
[35m[HTTP][39m [90m[39m
[35m[HTTP][39m [37m-->[39m [37mPOST[39m [37m/wd/hub/session/2e0f5dbd-307b-4d1b-ab8b-d79126ea6b21/element/00000000-0000-000a-0000-006500000003/clear[39m
[35m[HTTP][39m [90m{"id":"00000000-0000-000a-0000-006500000003"}[39m
[35m[HTTP][39m [37m<-- POST /wd/hub/session/2e0f5dbd-307b-4d1b-ab8b-d79126ea6b21/element/00000000-0000-000a-0000-006500000003/clear [39m[32m200[39m [90m12 ms - 14[39m
[35m[HTTP][39m [90m[39m
[35m[HTTP][39m [37m-->[39m [37mPOST[39m [37m/wd/hub/session/2e0f5dbd-307b-4d1b-ab8b-d79126ea6b21/element/00000000-0000-000a-0000-006500000003/click[39m
[35m[HTTP][39m [90m{"id":"00000000-0000-000a-0000-006500000003"}[39m
[35m[HTTP][39m [37m<-- POST /wd/hub/session/2e0f5dbd-307b-4d1b-ab8b-d79126ea6b21/element/00000000-0000-000a-0000-006500000003/click [39m[32m200[39m [90m54 ms - 14[39m
[35m[HTTP][39m [90m[39m
[35m[HTTP][39m [37m-->[39m [37mPOST[39m [37m/wd/hub/session/2e0f5dbd-307b-4d1b-ab8b-d79126ea6b21/element/00000000-0000-000a-0000-006500000003/value[39m
[35m[HTTP][39m [90m{"id":"00000000-0000-000a-0000-006500000003","text":"Andre Katalon","value":["A","n","d","r","e"," ","K","a","t","a","l","o","n"]}[39m
[35m[HTTP][39m [37m<-- POST /wd/hub/session/2e0f5dbd-307b-4d1b-ab8b-d79126ea6b21/element/00000000-0000-000a-0000-006500000003/value [39m[32m200[39m [90m34 ms - 14[39m
[35m[HTTP][39m [90m[39m
[35m[HTTP][39m [37m-->[39m [37mGET[39m [37m/wd/hub/session/2e0f5dbd-307b-4d1b-ab8b-d79126ea6b21/source[39m
[35m[HTTP][39m [90m{}[39m
[35m[W3C (2e0f5dbd)][39m Driver proxy active, passing request on via HTTP proxy
[35m[WD Proxy][39m Replacing sessionId 92760d5e-8c3d-4d65-b61a-dd92ac065673 with 2e0f5dbd-307b-4d1b-ab8b-d79126ea6b21
[35m[HTTP][39m [37m<-- GET /wd/hub/session/2e0f5dbd-307b-4d1b-ab8b-d79126ea6b21/source [39m[32m200[39m [90m50 ms - 6217[39m
[35m[HTTP][39m [90m[39m
[35m[HTTP][39m [37m-->[39m [37mGET[39m [37m/wd/hub/session/2e0f5dbd-307b-4d1b-ab8b-d79126ea6b21/screenshot[39m
[35m[HTTP][39m [90m{}[39m
[35m[HTTP][39m [37m<-- GET /wd/hub/session/2e0f5dbd-307b-4d1b-ab8b-d79126ea6b21/screenshot [39m[32m200[39m [90m448 ms - 214682[39m
[35m[HTTP][39m [90m[39m
[35m[HTTP][39m [37m-->[39m [37mPOST[39m [37m/wd/hub/session/2e0f5dbd-307b-4d1b-ab8b-d79126ea6b21/elements[39m
[35m[HTTP][39m [90m{"using":"xpath","value":"//*[@class = 'android.widget.EditText' and @resource-id = '' and (@text = '' or . = '')]"}[39m
[35m[HTTP][39m [37m<-- POST /wd/hub/session/2e0f5dbd-307b-4d1b-ab8b-d79126ea6b21/elements [39m[32m200[39m [90m77 ms - 267[39m
[35m[HTTP][39m [90m[39m
[35m[HTTP][39m [37m-->[39m [37mPOST[39m [37m/wd/hub/session/2e0f5dbd-307b-4d1b-ab8b-d79126ea6b21/elements[39m
[35m[HTTP][39m [90m{"using":"-android uiautomator","value":"new UiSelector().className(\"android.widget.EditText\").resourceId(\"\")"}[39m
[35m[HTTP][39m [37m<-- POST /wd/hub/session/2e0f5dbd-307b-4d1b-ab8b-d79126ea6b21/elements [39m[32m200[39m [90m41 ms - 267[39m
[35m[HTTP][39m [90m[39m
[35m[HTTP][39m [37m-->[39m [37mGET[39m [37m/wd/hub/session/2e0f5dbd-307b-4d1b-ab8b-d79126ea6b21/window/rect[39m
[35m[HTTP][39m [90m{}[39m
[35m[HTTP][39m [37m<-- GET /wd/hub/session/2e0f5dbd-307b-4d1b-ab8b-d79126ea6b21/window/rect [39m[32m200[39m [90m9 ms - 50[39m
[35m[HTTP][39m [90m[39m
[35m[HTTP][39m [37m-->[39m [37mPOST[39m [37m/wd/hub/session/2e0f5dbd-307b-4d1b-ab8b-d79126ea6b21/elements[39m
[35m[HTTP][39m [90m{"using":"xpath","value":"//hierarchy/android.widget.FrameLayout[1]/android.widget.LinearLayout[1]/android.widget.FrameLayout[1]/android.widget.FrameLayout[1]/android.view.View[1]/android.view.View[1]/android.view.View[1]/android.view.View[1]/android.view.View[1]/android.widget.EditText[2]"}[39m
[35m[HTTP][39m [37m<-- POST /wd/hub/session/2e0f5dbd-307b-4d1b-ab8b-d79126ea6b21/elements [39m[32m200[39m [90m51 ms - 139[39m
[35m[HTTP][39m [90m[39m
[35m[HTTP][39m [37m-->[39m [37mGET[39m [37m/wd/hub/session/2e0f5dbd-307b-4d1b-ab8b-d79126ea6b21/element/00000000-0000-000a-0000-006600000003/location[39m
[35m[HTTP][39m [90m{}[39m
[35m[W3C (2e0f5dbd)][39m Driver proxy active, passing request on via HTTP proxy
[35m[WD Proxy][39m Replacing sessionId 92760d5e-8c3d-4d65-b61a-dd92ac065673 with 2e0f5dbd-307b-4d1b-ab8b-d79126ea6b21
[35m[HTTP][39m [37m<-- GET /wd/hub/session/2e0f5dbd-307b-4d1b-ab8b-d79126ea6b21/element/00000000-0000-000a-0000-006600000003/location [39m[32m200[39m [90m12 ms - 78[39m
[35m[HTTP][39m [90m[39m
[35m[HTTP][39m [37m-->[39m [37mPOST[39m [37m/wd/hub/session/2e0f5dbd-307b-4d1b-ab8b-d79126ea6b21/element/00000000-0000-000a-0000-006600000003/click[39m
[35m[HTTP][39m [90m{"id":"00000000-0000-000a-0000-006600000003"}[39m
[35m[HTTP][39m [37m<-- POST /wd/hub/session/2e0f5dbd-307b-4d1b-ab8b-d79126ea6b21/element/00000000-0000-000a-0000-006600000003/click [39m[32m200[39m [90m51 ms - 14[39m
[35m[HTTP][39m [90m[39m
[35m[HTTP][39m [37m-->[39m [37mGET[39m [37m/wd/hub/session/2e0f5dbd-307b-4d1b-ab8b-d79126ea6b21/source[39m
[35m[HTTP][39m [90m{}[39m
[35m[W3C (2e0f5dbd)][39m Driver proxy active, passing request on via HTTP proxy
[35m[WD Proxy][39m Replacing sessionId 92760d5e-8c3d-4d65-b61a-dd92ac065673 with 2e0f5dbd-307b-4d1b-ab8b-d79126ea6b21
[35m[HTTP][39m [37m<-- GET /wd/hub/session/2e0f5dbd-307b-4d1b-ab8b-d79126ea6b21/source [39m[32m200[39m [90m58 ms - 6217[39m
[35m[HTTP][39m [90m[39m
[35m[HTTP][39m [37m-->[39m [37mGET[39m [37m/wd/hub/session/2e0f5dbd-307b-4d1b-ab8b-d79126ea6b21/screenshot[39m
[35m[HTTP][39m [90m{}[39m
[35m[HTTP][39m [37m<-- GET /wd/hub/session/2e0f5dbd-307b-4d1b-ab8b-d79126ea6b21/screenshot [39m[32m200[39m [90m420 ms - 214628[39m
[35m[HTTP][39m [90m[39m
[35m[HTTP][39m [37m-->[39m [37mGET[39m [37m/wd/hub/session/2e0f5dbd-307b-4d1b-ab8b-d79126ea6b21/window/rect[39m
[35m[HTTP][39m [90m{}[39m
[35m[HTTP][39m [37m<-- GET /wd/hub/session/2e0f5dbd-307b-4d1b-ab8b-d79126ea6b21/window/rect [39m[32m200[39m [90m12 ms - 50[39m
[35m[HTTP][39m [90m[39m
[35m[HTTP][39m [37m-->[39m [37mPOST[39m [37m/wd/hub/session/2e0f5dbd-307b-4d1b-ab8b-d79126ea6b21/elements[39m
[35m[HTTP][39m [90m{"using":"xpath","value":"//hierarchy/android.widget.FrameLayout[1]/android.widget.LinearLayout[1]/android.widget.FrameLayout[1]/android.widget.FrameLayout[1]/android.view.View[1]/android.view.View[1]/android.view.View[1]/android.view.View[1]/android.view.View[1]/android.widget.EditText[2]"}[39m
[35m[HTTP][39m [37m<-- POST /wd/hub/session/2e0f5dbd-307b-4d1b-ab8b-d79126ea6b21/elements [39m[32m200[39m [90m58 ms - 139[39m
[35m[HTTP][39m [90m[39m
[35m[HTTP][39m [37m-->[39m [37mGET[39m [37m/wd/hub/session/2e0f5dbd-307b-4d1b-ab8b-d79126ea6b21/element/00000000-0000-000a-0000-006600000003/location[39m
[35m[HTTP][39m [90m{}[39m
[35m[W3C (2e0f5dbd)][39m Driver proxy active, passing request on via HTTP proxy
[35m[WD Proxy][39m Replacing sessionId 92760d5e-8c3d-4d65-b61a-dd92ac065673 with 2e0f5dbd-307b-4d1b-ab8b-d79126ea6b21
[35m[HTTP][39m [37m<-- GET /wd/hub/session/2e0f5dbd-307b-4d1b-ab8b-d79126ea6b21/element/00000000-0000-000a-0000-006600000003/location [39m[32m200[39m [90m14 ms - 78[39m
[35m[HTTP][39m [90m[39m
[35m[HTTP][39m [37m-->[39m [37mPOST[39m [37m/wd/hub/session/2e0f5dbd-307b-4d1b-ab8b-d79126ea6b21/element/00000000-0000-000a-0000-006600000003/clear[39m
[35m[HTTP][39m [90m{"id":"00000000-0000-000a-0000-006600000003"}[39m
[35m[HTTP][39m [37m<-- POST /wd/hub/session/2e0f5dbd-307b-4d1b-ab8b-d79126ea6b21/element/00000000-0000-000a-0000-006600000003/clear [39m[32m200[39m [90m12 ms - 14[39m
[35m[HTTP][39m [90m[39m
[35m[HTTP][39m [37m-->[39m [37mPOST[39m [37m/wd/hub/session/2e0f5dbd-307b-4d1b-ab8b-d79126ea6b21/element/00000000-0000-000a-0000-006600000003/click[39m
[35m[HTTP][39m [90m{"id":"00000000-0000-000a-0000-006600000003"}[39m
[35m[HTTP][39m [37m<-- POST /wd/hub/session/2e0f5dbd-307b-4d1b-ab8b-d79126ea6b21/element/00000000-0000-000a-0000-006600000003/click [39m[32m200[39m [90m55 ms - 14[39m
[35m[HTTP][39m [90m[39m
[35m[HTTP][39m [37m-->[39m [37mPOST[39m [37m/wd/hub/session/2e0f5dbd-307b-4d1b-ab8b-d79126ea6b21/element/00000000-0000-000a-0000-006600000003/value[39m
[35m[HTTP][39m [90m{"id":"00000000-0000-000a-0000-006600000003","text":"Andre","value":["A","n","d","r","e"]}[39m
[35m[HTTP][39m [37m<-- POST /wd/hub/session/2e0f5dbd-307b-4d1b-ab8b-d79126ea6b21/element/00000000-0000-000a-0000-006600000003/value [39m[32m200[39m [90m30 ms - 14[39m
[35m[HTTP][39m [90m[39m
[35m[HTTP][39m [37m-->[39m [37mGET[39m [37m/wd/hub/session/2e0f5dbd-307b-4d1b-ab8b-d79126ea6b21/source[39m
[35m[HTTP][39m [90m{}[39m
[35m[W3C (2e0f5dbd)][39m Driver proxy active, passing request on via HTTP proxy
[35m[WD Proxy][39m Replacing sessionId 92760d5e-8c3d-4d65-b61a-dd92ac065673 with 2e0f5dbd-307b-4d1b-ab8b-d79126ea6b21
[35m[HTTP][39m [37m<-- GET /wd/hub/session/2e0f5dbd-307b-4d1b-ab8b-d79126ea6b21/source [39m[32m200[39m [90m65 ms - 6222[39m
[35m[HTTP][39m [90m[39m
[35m[HTTP][39m [37m-->[39m [37mGET[39m [37m/wd/hub/session/2e0f5dbd-307b-4d1b-ab8b-d79126ea6b21/screenshot[39m
[35m[HTTP][39m [90m{}[39m
[35m[HTTP][39m [37m<-- GET /wd/hub/session/2e0f5dbd-307b-4d1b-ab8b-d79126ea6b21/screenshot [39m[32m200[39m [90m443 ms - 219054[39m
[35m[HTTP][39m [90m[39m
[35m[HTTP][39m [37m-->[39m [37mPOST[39m [37m/wd/hub/session/2e0f5dbd-307b-4d1b-ab8b-d79126ea6b21/elements[39m
[35m[HTTP][39m [90m{"using":"xpath","value":"//*[@class = 'android.widget.ImageView' and @resource-id = '' and (@text = '' or . = '')]"}[39m
[35m[HTTP][39m [37m<-- POST /wd/hub/session/2e0f5dbd-307b-4d1b-ab8b-d79126ea6b21/elements [39m[32m200[39m [90m66 ms - 139[39m
[35m[HTTP][39m [90m[39m
[35m[HTTP][39m [37m-->[39m [37mGET[39m [37m/wd/hub/session/2e0f5dbd-307b-4d1b-ab8b-d79126ea6b21/window/rect[39m
[35m[HTTP][39m [90m{}[39m
[35m[HTTP][39m [37m<-- GET /wd/hub/session/2e0f5dbd-307b-4d1b-ab8b-d79126ea6b21/window/rect [39m[32m200[39m [90m8 ms - 50[39m
[35m[HTTP][39m [90m[39m
[35m[HTTP][39m [37m-->[39m [37mPOST[39m [37m/wd/hub/session/2e0f5dbd-307b-4d1b-ab8b-d79126ea6b21/elements[39m
[35m[HTTP][39m [90m{"using":"xpath","value":"//*[@class = 'android.widget.ImageView' and @resource-id = '' and (@text = '' or . = '')]"}[39m
[35m[HTTP][39m [37m<-- POST /wd/hub/session/2e0f5dbd-307b-4d1b-ab8b-d79126ea6b21/elements [39m[32m200[39m [90m61 ms - 139[39m
[35m[HTTP][39m [90m[39m
[35m[HTTP][39m [37m-->[39m [37mGET[39m [37m/wd/hub/session/2e0f5dbd-307b-4d1b-ab8b-d79126ea6b21/element/00000000-0000-000a-0000-006900000003/location[39m
[35m[HTTP][39m [90m{}[39m
[35m[W3C (2e0f5dbd)][39m Driver proxy active, passing request on via HTTP proxy
[35m[WD Proxy][39m Replacing sessionId 92760d5e-8c3d-4d65-b61a-dd92ac065673 with 2e0f5dbd-307b-4d1b-ab8b-d79126ea6b21
[35m[HTTP][39m [37m<-- GET /wd/hub/session/2e0f5dbd-307b-4d1b-ab8b-d79126ea6b21/element/00000000-0000-000a-0000-006900000003/location [39m[32m200[39m [90m12 ms - 79[39m
[35m[HTTP][39m [90m[39m
[35m[HTTP][39m [37m-->[39m [37mPOST[39m [37m/wd/hub/session/2e0f5dbd-307b-4d1b-ab8b-d79126ea6b21/element/00000000-0000-000a-0000-006900000003/click[39m
[35m[HTTP][39m [90m{"id":"00000000-0000-000a-0000-006900000003"}[39m
[35m[HTTP][39m [37m<-- POST /wd/hub/session/2e0f5dbd-307b-4d1b-ab8b-d79126ea6b21/element/00000000-0000-000a-0000-006900000003/click [39m[32m200[39m [90m44 ms - 14[39m
[35m[HTTP][39m [90m[39m
[35m[HTTP][39m [37m-->[39m [37mGET[39m [37m/wd/hub/session/2e0f5dbd-307b-4d1b-ab8b-d79126ea6b21/source[39m
[35m[HTTP][39m [90m{}[39m
[35m[W3C (2e0f5dbd)][39m Driver proxy active, passing request on via HTTP proxy
[35m[WD Proxy][39m Replacing sessionId 92760d5e-8c3d-4d65-b61a-dd92ac065673 with 2e0f5dbd-307b-4d1b-ab8b-d79126ea6b21
[35m[HTTP][39m [37m<-- GET /wd/hub/session/2e0f5dbd-307b-4d1b-ab8b-d79126ea6b21/source [39m[32m200[39m [90m307 ms - 5692[39m
[35m[HTTP][39m [90m[39m
[35m[HTTP][39m [37m-->[39m [37mGET[39m [37m/wd/hub/session/2e0f5dbd-307b-4d1b-ab8b-d79126ea6b21/screenshot[39m
[35m[HTTP][39m [90m{}[39m
[35m[HTTP][39m [37m<-- GET /wd/hub/session/2e0f5dbd-307b-4d1b-ab8b-d79126ea6b21/screenshot [39m[32m200[39m [90m429 ms - 217958[39m
[35m[HTTP][39m [90m[39m
[35m[HTTP][39m [37m-->[39m [37mPOST[39m [37m/wd/hub/session/2e0f5dbd-307b-4d1b-ab8b-d79126ea6b21/elements[39m
[35m[HTTP][39m [90m{"using":"xpath","value":"//*[@class = 'android.view.View' and @resource-id = '' and (@text = '' or . = '')]"}[39m
[35m[HTTP][39m [37m<-- POST /wd/hub/session/2e0f5dbd-307b-4d1b-ab8b-d79126ea6b21/elements [39m[32m200[39m [90m75 ms - 1163[39m
[35m[HTTP][39m [90m[39m
[35m[HTTP][39m [37m-->[39m [37mPOST[39m [37m/wd/hub/session/2e0f5dbd-307b-4d1b-ab8b-d79126ea6b21/elements[39m
[35m[HTTP][39m [90m{"using":"accessibility id","value":"Commercial"}[39m
[35m[HTTP][39m [37m<-- POST /wd/hub/session/2e0f5dbd-307b-4d1b-ab8b-d79126ea6b21/elements [39m[32m200[39m [90m25 ms - 139[39m
[35m[HTTP][39m [90m[39m
[35m[HTTP][39m [37m-->[39m [37mGET[39m [37m/wd/hub/session/2e0f5dbd-307b-4d1b-ab8b-d79126ea6b21/window/rect[39m
[35m[HTTP][39m [90m{}[39m
[35m[HTTP][39m [37m<-- GET /wd/hub/session/2e0f5dbd-307b-4d1b-ab8b-d79126ea6b21/window/rect [39m[32m200[39m [90m8 ms - 50[39m
[35m[HTTP][39m [90m[39m
[35m[HTTP][39m [37m-->[39m [37mPOST[39m [37m/wd/hub/session/2e0f5dbd-307b-4d1b-ab8b-d79126ea6b21/elements[39m
[35m[HTTP][39m [90m{"using":"accessibility id","value":"Commercial"}[39m
[35m[HTTP][39m [37m<-- POST /wd/hub/session/2e0f5dbd-307b-4d1b-ab8b-d79126ea6b21/elements [39m[32m200[39m [90m21 ms - 139[39m
[35m[HTTP][39m [90m[39m
[35m[HTTP][39m [37m-->[39m [37mGET[39m [37m/wd/hub/session/2e0f5dbd-307b-4d1b-ab8b-d79126ea6b21/element/00000000-0000-000a-0000-006e00000003/location[39m
[35m[HTTP][39m [90m{}[39m
[35m[W3C (2e0f5dbd)][39m Driver proxy active, passing request on via HTTP proxy
[35m[WD Proxy][39m Replacing sessionId 92760d5e-8c3d-4d65-b61a-dd92ac065673 with 2e0f5dbd-307b-4d1b-ab8b-d79126ea6b21
[35m[HTTP][39m [37m<-- GET /wd/hub/session/2e0f5dbd-307b-4d1b-ab8b-d79126ea6b21/element/00000000-0000-000a-0000-006e00000003/location [39m[32m200[39m [90m18 ms - 79[39m
[35m[HTTP][39m [90m[39m
[35m[HTTP][39m [37m-->[39m [37mPOST[39m [37m/wd/hub/session/2e0f5dbd-307b-4d1b-ab8b-d79126ea6b21/element/00000000-0000-000a-0000-006e00000003/click[39m
[35m[HTTP][39m [90m{"id":"00000000-0000-000a-0000-006e00000003"}[39m
[35m[HTTP][39m [37m<-- POST /wd/hub/session/2e0f5dbd-307b-4d1b-ab8b-d79126ea6b21/element/00000000-0000-000a-0000-006e00000003/click [39m[32m200[39m [90m40 ms - 14[39m
[35m[HTTP][39m [90m[39m
[35m[HTTP][39m [37m-->[39m [37mGET[39m [37m/wd/hub/session/2e0f5dbd-307b-4d1b-ab8b-d79126ea6b21/source[39m
[35m[HTTP][39m [90m{}[39m
[35m[W3C (2e0f5dbd)][39m Driver proxy active, passing request on via HTTP proxy
[35m[WD Proxy][39m Replacing sessionId 92760d5e-8c3d-4d65-b61a-dd92ac065673 with 2e0f5dbd-307b-4d1b-ab8b-d79126ea6b21
[35m[HTTP][39m [37m<-- GET /wd/hub/session/2e0f5dbd-307b-4d1b-ab8b-d79126ea6b21/source [39m[32m200[39m [90m331 ms - 6218[39m
[35m[HTTP][39m [90m[39m
[35m[HTTP][39m [37m-->[39m [37mGET[39m [37m/wd/hub/session/2e0f5dbd-307b-4d1b-ab8b-d79126ea6b21/screenshot[39m
[35m[HTTP][39m [90m{}[39m
[35m[HTTP][39m [37m<-- GET /wd/hub/session/2e0f5dbd-307b-4d1b-ab8b-d79126ea6b21/screenshot [39m[32m200[39m [90m416 ms - 216294[39m
[35m[HTTP][39m [90m[39m
[35m[HTTP][39m [37m-->[39m [37mPOST[39m [37m/wd/hub/session/2e0f5dbd-307b-4d1b-ab8b-d79126ea6b21/elements[39m
[35m[HTTP][39m [90m{"using":"xpath","value":"//*[@class = 'android.widget.Button' and @resource-id = '' and (@text = '' or . = '')]"}[39m
[35m[HTTP][39m [37m<-- POST /wd/hub/session/2e0f5dbd-307b-4d1b-ab8b-d79126ea6b21/elements [39m[32m200[39m [90m80 ms - 267[39m
[35m[HTTP][39m [90m[39m
[35m[HTTP][39m [37m-->[39m [37mPOST[39m [37m/wd/hub/session/2e0f5dbd-307b-4d1b-ab8b-d79126ea6b21/elements[39m
[35m[HTTP][39m [90m{"using":"accessibility id","value":"Create"}[39m
[35m[HTTP][39m [37m<-- POST /wd/hub/session/2e0f5dbd-307b-4d1b-ab8b-d79126ea6b21/elements [39m[32m200[39m [90m21 ms - 139[39m
[35m[HTTP][39m [90m[39m
[35m[HTTP][39m [37m-->[39m [37mGET[39m [37m/wd/hub/session/2e0f5dbd-307b-4d1b-ab8b-d79126ea6b21/window/rect[39m
[35m[HTTP][39m [90m{}[39m
[35m[HTTP][39m [37m<-- GET /wd/hub/session/2e0f5dbd-307b-4d1b-ab8b-d79126ea6b21/window/rect [39m[32m200[39m [90m12 ms - 50[39m
[35m[HTTP][39m [90m[39m
[35m[HTTP][39m [37m-->[39m [37mPOST[39m [37m/wd/hub/session/2e0f5dbd-307b-4d1b-ab8b-d79126ea6b21/elements[39m
[35m[HTTP][39m [90m{"using":"accessibility id","value":"Create"}[39m
[35m[HTTP][39m [37m<-- POST /wd/hub/session/2e0f5dbd-307b-4d1b-ab8b-d79126ea6b21/elements [39m[32m200[39m [90m20 ms - 139[39m
[35m[HTTP][39m [90m[39m
[35m[HTTP][39m [37m-->[39m [37mGET[39m [37m/wd/hub/session/2e0f5dbd-307b-4d1b-ab8b-d79126ea6b21/element/00000000-0000-000a-0000-006800000003/location[39m
[35m[HTTP][39m [90m{}[39m
[35m[W3C (2e0f5dbd)][39m Driver proxy active, passing request on via HTTP proxy
[35m[WD Proxy][39m Replacing sessionId 92760d5e-8c3d-4d65-b61a-dd92ac065673 with 2e0f5dbd-307b-4d1b-ab8b-d79126ea6b21
[35m[HTTP][39m [37m<-- GET /wd/hub/session/2e0f5dbd-307b-4d1b-ab8b-d79126ea6b21/element/00000000-0000-000a-0000-006800000003/location [39m[32m200[39m [90m14 ms - 79[39m
[35m[HTTP][39m [90m[39m
[35m[HTTP][39m [37m-->[39m [37mPOST[39m [37m/wd/hub/session/2e0f5dbd-307b-4d1b-ab8b-d79126ea6b21/element/00000000-0000-000a-0000-006800000003/click[39m
[35m[HTTP][39m [90m{"id":"00000000-0000-000a-0000-006800000003"}[39m
[35m[HTTP][39m [37m<-- POST /wd/hub/session/2e0f5dbd-307b-4d1b-ab8b-d79126ea6b21/element/00000000-0000-000a-0000-006800000003/click [39m[32m200[39m [90m1019 ms - 14[39m
[35m[HTTP][39m [90m[39m
[35m[HTTP][39m [37m-->[39m [37mGET[39m [37m/wd/hub/session/2e0f5dbd-307b-4d1b-ab8b-d79126ea6b21/source[39m
[35m[HTTP][39m [90m{}[39m
[35m[W3C (2e0f5dbd)][39m Driver proxy active, passing request on via HTTP proxy
[35m[WD Proxy][39m Replacing sessionId 92760d5e-8c3d-4d65-b61a-dd92ac065673 with 2e0f5dbd-307b-4d1b-ab8b-d79126ea6b21
[35m[HTTP][39m [37m<-- GET /wd/hub/session/2e0f5dbd-307b-4d1b-ab8b-d79126ea6b21/source [39m[32m200[39m [90m35 ms - 4427[39m
[35m[HTTP][39m [90m[39m
[35m[HTTP][39m [37m-->[39m [37mGET[39m [37m/wd/hub/session/2e0f5dbd-307b-4d1b-ab8b-d79126ea6b21/screenshot[39m
[35m[HTTP][39m [90m{}[39m
[35m[HTTP][39m [37m<-- GET /wd/hub/session/2e0f5dbd-307b-4d1b-ab8b-d79126ea6b21/screenshot [39m[32m200[39m [90m441 ms - 205162[39m
[35m[HTTP][39m [90m[39m
[35m[HTTP][39m [37m-->[39m [37mGET[39m [37m/wd/hub/session/2e0f5dbd-307b-4d1b-ab8b-d79126ea6b21/context[39m
[35m[HTTP][39m [90m{}[39m
[35m[HTTP][39m [37m<-- GET /wd/hub/session/2e0f5dbd-307b-4d1b-ab8b-d79126ea6b21/context [39m[32m200[39m [90m6 ms - 22[39m
[35m[HTTP][39m [90m[39m
[35m[HTTP][39m [37m-->[39m [37mGET[39m [37m/wd/hub/session/2e0f5dbd-307b-4d1b-ab8b-d79126ea6b21/contexts[39m
[35m[HTTP][39m [90m{}[39m
[35m[HTTP][39m [37m<-- GET /wd/hub/session/2e0f5dbd-307b-4d1b-ab8b-d79126ea6b21/contexts [39m[32m200[39m [90m584 ms - 24[39m
[35m[HTTP][39m [90m[39m
[35m[HTTP][39m [37m-->[39m [37mPOST[39m [37m/wd/hub/session/2e0f5dbd-307b-4d1b-ab8b-d79126ea6b21/context[39m
[35m[HTTP][39m [90m{"name":"NATIVE_APP"}[39m
[35m[HTTP][39m [37m<-- POST /wd/hub/session/2e0f5dbd-307b-4d1b-ab8b-d79126ea6b21/context [39m[32m200[39m [90m1 ms - 14[39m
[35m[HTTP][39m [90m[39m
[35m[HTTP][39m [37m-->[39m [37mPOST[39m [37m/wd/hub/session/2e0f5dbd-307b-4d1b-ab8b-d79126ea6b21/appium/device/press_keycode[39m
[35m[HTTP][39m [90m{"keycode":4}[39m
[35m[HTTP][39m [37m<-- POST /wd/hub/session/2e0f5dbd-307b-4d1b-ab8b-d79126ea6b21/appium/device/press_keycode [39m[32m200[39m [90m42 ms - 14[39m
[35m[HTTP][39m [90m[39m
[35m[HTTP][39m [37m-->[39m [37mPOST[39m [37m/wd/hub/session/2e0f5dbd-307b-4d1b-ab8b-d79126ea6b21/context[39m
[35m[HTTP][39m [90m{"name":"NATIVE_APP"}[39m
[35m[HTTP][39m [37m<-- POST /wd/hub/session/2e0f5dbd-307b-4d1b-ab8b-d79126ea6b21/context [39m[32m200[39m [90m2 ms - 14[39m
[35m[HTTP][39m [90m[39m
[35m[HTTP][39m [37m-->[39m [37mGET[39m [37m/wd/hub/session/2e0f5dbd-307b-4d1b-ab8b-d79126ea6b21/source[39m
[35m[HTTP][39m [90m{}[39m
[35m[W3C (2e0f5dbd)][39m Driver proxy active, passing request on via HTTP proxy
[35m[WD Proxy][39m Replacing sessionId 92760d5e-8c3d-4d65-b61a-dd92ac065673 with 2e0f5dbd-307b-4d1b-ab8b-d79126ea6b21
[35m[HTTP][39m [37m<-- GET /wd/hub/session/2e0f5dbd-307b-4d1b-ab8b-d79126ea6b21/source [39m[32m200[39m [90m342 ms - 11606[39m
[35m[HTTP][39m [90m[39m
[35m[HTTP][39m [37m-->[39m [37mGET[39m [37m/wd/hub/session/2e0f5dbd-307b-4d1b-ab8b-d79126ea6b21/screenshot[39m
[35m[HTTP][39m [90m{}[39m
[35m[HTTP][39m [37m<-- GET /wd/hub/session/2e0f5dbd-307b-4d1b-ab8b-d79126ea6b21/screenshot [39m[32m200[39m [90m441 ms - 240716[39m
[35m[HTTP][39m [90m[39m
[35m[HTTP][39m [37m-->[39m [37mDELETE[39m [37m/wd/hub/session/2e0f5dbd-307b-4d1b-ab8b-d79126ea6b21[39m
[35m[HTTP][39m [90m{}[39m
[35m[Appium][39m Removing session 2e0f5dbd-307b-4d1b-ab8b-d79126ea6b21 from our master session list
[35m[UiAutomator2][39m Restoring hidden api policy to the device default configuration
[35m[HTTP][39m [37m<-- DELETE /wd/hub/session/2e0f5dbd-307b-4d1b-ab8b-d79126ea6b21 [39m[32m200[39m [90m1392 ms - 14[39m
[35m[HTTP][39m [90m[39m
